<?xml version="1.0" encoding="UTF-8"?>
<testsuite xmlns:xsi="http://www.w3.org/2001/XMLSchema-instance" xsi:noNamespaceSchemaLocation="https://maven.apache.org/surefire/maven-surefire-plugin/xsd/surefire-test-report.xsd" name="org.example.user.controller.UserControllerTest" time="35.18" tests="4" errors="0" skipped="0" failures="0">
  <properties>
[...]
</properties>
  <testcase name="givenUserNotFoundException_thenNotFoundCode" classname="org.example.user.controller.UserControllerTest" time="1.396"/>
  <testcase name="updateUserRecord" classname="org.example.user.controller.UserControllerTest" time="0.617"/>
  <testcase name="shouldReturnSpecificUser" classname="org.example.user.controller.UserControllerTest" time="0.47"/>
  <testcase name="shouldCreateMockMvc" classname="org.example.user.controller.UserControllerTest" time="0.034"/>
</testsuite>